<?xml version="1.0" encoding="UTF-8"?>
<!-- Generated by org.testng.reporters.JUnitReportReporter -->
<testsuite hostname="Ashu" failures="0" tests="4" name="com.zigzag.web.tests.HomePageTest" time="68.345" errors="0" timestamp="2025-07-16T20:47:45 IST" skipped="0">
  <testcase classname="com.zigzag.web.tests.HomePageTest" name="Verify_AboutUs_Link_Present_In_HomePage_Footer_Section" time="23.986"/>
  <testcase classname="com.zigzag.web.tests.HomePageTest" name="Verify_Search_Functionality_On_HomePage" time="24.760"/>
  <testcase classname="com.zigzag.web.tests.HomePageTest" name="Verify_ZigZag_Logo_Present_In_HomePage" time="10.555"/>
  <testcase classname="com.zigzag.web.tests.HomePageTest" name="Verify_Slider_Present_In_HomePage" time="9.044"/>
</testsuite> <!-- com.zigzag.web.tests.HomePageTest -->
